{"contracts/BasicNft.sol":{"l":{"13":3,"17":4,"18":4,"19":4,"25":0,"29":4},"path":"/home/jazzshow/hh-fcc/hardhat-nft-maketplace-fcc/contracts/BasicNft.sol","s":{"1":3,"2":4,"3":4,"4":4,"5":0,"6":4},"b":{},"f":{"1":3,"2":4,"3":0,"4":4},"fnMap":{"1":{"name":"constructor","line":12,"loc":{"start":{"line":12,"column":4},"end":{"line":14,"column":4}}},"2":{"name":"mintNft","line":16,"loc":{"start":{"line":16,"column":4},"end":{"line":20,"column":4}}},"3":{"name":"tokenURI","line":22,"loc":{"start":{"line":22,"column":4},"end":{"line":26,"column":4}}},"4":{"name":"getTokenCounter","line":28,"loc":{"start":{"line":28,"column":4},"end":{"line":30,"column":4}}}},"statementMap":{"1":{"start":{"line":13,"column":8},"end":{"line":13,"column":25}},"2":{"start":{"line":17,"column":8},"end":{"line":17,"column":44}},"3":{"start":{"line":18,"column":8},"end":{"line":18,"column":42}},"4":{"start":{"line":19,"column":8},"end":{"line":19,"column":29}},"5":{"start":{"line":25,"column":8},"end":{"line":25,"column":24}},"6":{"start":{"line":29,"column":8},"end":{"line":29,"column":29}}},"branchMap":{}},"contracts/NftMarketplace.sol":{"l":{"55":4,"56":4,"57":0,"59":4,"67":6,"68":6,"69":6,"70":0,"72":6,"75":4,"76":4,"77":1,"79":3,"105":4,"106":1,"112":3,"113":3,"114":0,"117":3,"122":3,"131":1,"132":1,"133":0,"136":1,"138":1,"140":1,"142":1,"154":1,"155":1,"163":1,"164":1,"168":1,"169":1,"170":0,"172":1,"173":1,"174":1,"175":0,"187":2,"191":1},"path":"/home/jazzshow/hh-fcc/hardhat-nft-maketplace-fcc/contracts/NftMarketplace.sol","s":{"1":4,"2":4,"3":6,"4":6,"5":6,"6":4,"7":4,"8":4,"9":3,"10":3,"11":3,"12":3,"13":1,"14":1,"15":1,"16":1,"17":1,"18":1,"19":1,"20":1,"21":1,"22":1,"23":1,"24":1,"25":1,"26":2,"27":1},"b":{"1":[0,4],"2":[0,6],"3":[1,3],"4":[1,3],"5":[0,3],"6":[0,1],"7":[0,1],"8":[0,1]},"f":{"1":4,"2":6,"3":4,"4":4,"5":1,"6":1,"7":1,"8":1,"9":2,"10":1},"fnMap":{"1":{"name":"notListed","line":50,"loc":{"start":{"line":50,"column":4},"end":{"line":60,"column":4}}},"2":{"name":"isOwner","line":62,"loc":{"start":{"line":62,"column":4},"end":{"line":73,"column":4}}},"3":{"name":"isListed","line":74,"loc":{"start":{"line":74,"column":4},"end":{"line":80,"column":4}}},"4":{"name":"listItem","line":103,"loc":{"start":{"line":94,"column":4},"end":{"line":123,"column":4}}},"5":{"name":"buyItem","line":129,"loc":{"start":{"line":125,"column":4},"end":{"line":147,"column":4}}},"6":{"name":"cancelListing","line":152,"loc":{"start":{"line":149,"column":4},"end":{"line":156,"column":4}}},"7":{"name":"updateListing","line":162,"loc":{"start":{"line":158,"column":4},"end":{"line":165,"column":4}}},"8":{"name":"withdrawProceeds","line":167,"loc":{"start":{"line":167,"column":4},"end":{"line":177,"column":4}}},"9":{"name":"getListing","line":182,"loc":{"start":{"line":182,"column":4},"end":{"line":188,"column":4}}},"10":{"name":"getProceeds","line":190,"loc":{"start":{"line":190,"column":4},"end":{"line":192,"column":4}}}},"statementMap":{"1":{"start":{"line":55,"column":8},"end":{"line":55,"column":64}},"2":{"start":{"line":56,"column":8},"end":{"line":56,"column":1615}},"3":{"start":{"line":67,"column":8},"end":{"line":67,"column":41}},"4":{"start":{"line":68,"column":8},"end":{"line":68,"column":44}},"5":{"start":{"line":69,"column":8},"end":{"line":69,"column":1943}},"6":{"start":{"line":75,"column":8},"end":{"line":75,"column":64}},"7":{"start":{"line":76,"column":8},"end":{"line":76,"column":2176}},"8":{"start":{"line":105,"column":8},"end":{"line":105,"column":3145}},"9":{"start":{"line":112,"column":8},"end":{"line":112,"column":41}},"10":{"start":{"line":113,"column":8},"end":{"line":113,"column":3485}},"11":{"start":{"line":117,"column":8},"end":{"line":117,"column":67}},"12":{"start":{"line":122,"column":8},"end":{"line":122,"column":63}},"13":{"start":{"line":131,"column":8},"end":{"line":131,"column":67}},"14":{"start":{"line":132,"column":8},"end":{"line":132,"column":4074}},"15":{"start":{"line":136,"column":8},"end":{"line":136,"column":80}},"16":{"start":{"line":140,"column":8},"end":{"line":140,"column":83}},"17":{"start":{"line":142,"column":8},"end":{"line":142,"column":74}},"18":{"start":{"line":155,"column":8},"end":{"line":155,"column":59}},"19":{"start":{"line":163,"column":8},"end":{"line":163,"column":55}},"20":{"start":{"line":164,"column":8},"end":{"line":164,"column":66}},"21":{"start":{"line":168,"column":8},"end":{"line":168,"column":49}},"22":{"start":{"line":169,"column":8},"end":{"line":169,"column":5386}},"23":{"start":{"line":172,"column":8},"end":{"line":172,"column":33}},"24":{"start":{"line":173,"column":8},"end":{"line":173,"column":72}},"25":{"start":{"line":174,"column":8},"end":{"line":174,"column":5584}},"26":{"start":{"line":187,"column":8},"end":{"line":187,"column":46}},"27":{"start":{"line":191,"column":8},"end":{"line":191,"column":33}}},"branchMap":{"1":{"line":56,"type":"if","locations":[{"start":{"line":56,"column":8},"end":{"line":56,"column":8}},{"start":{"line":56,"column":8},"end":{"line":56,"column":8}}]},"2":{"line":69,"type":"if","locations":[{"start":{"line":69,"column":8},"end":{"line":69,"column":8}},{"start":{"line":69,"column":8},"end":{"line":69,"column":8}}]},"3":{"line":76,"type":"if","locations":[{"start":{"line":76,"column":8},"end":{"line":76,"column":8}},{"start":{"line":76,"column":8},"end":{"line":76,"column":8}}]},"4":{"line":105,"type":"if","locations":[{"start":{"line":105,"column":8},"end":{"line":105,"column":8}},{"start":{"line":105,"column":8},"end":{"line":105,"column":8}}]},"5":{"line":113,"type":"if","locations":[{"start":{"line":113,"column":8},"end":{"line":113,"column":8}},{"start":{"line":113,"column":8},"end":{"line":113,"column":8}}]},"6":{"line":132,"type":"if","locations":[{"start":{"line":132,"column":8},"end":{"line":132,"column":8}},{"start":{"line":132,"column":8},"end":{"line":132,"column":8}}]},"7":{"line":169,"type":"if","locations":[{"start":{"line":169,"column":8},"end":{"line":169,"column":8}},{"start":{"line":169,"column":8},"end":{"line":169,"column":8}}]},"8":{"line":174,"type":"if","locations":[{"start":{"line":174,"column":8},"end":{"line":174,"column":8}},{"start":{"line":174,"column":8},"end":{"line":174,"column":8}}]}}},"contracts/Re-Entrancy.sol":{"l":{"36":0,"40":0,"41":0,"43":0,"44":0,"46":0,"51":0,"59":0,"64":0,"65":0,"70":0,"71":0,"72":0,"77":0},"path":"/home/jazzshow/hh-fcc/hardhat-nft-maketplace-fcc/contracts/Re-Entrancy.sol","s":{"1":0,"2":0,"3":0,"4":0,"5":0,"6":0,"7":0,"8":0,"9":0,"10":0,"11":0,"12":0,"13":0,"14":0},"b":{"1":[0,0],"2":[0,0],"3":[0,0],"4":[0,0]},"f":{"1":0,"2":0,"3":0,"4":0,"5":0,"6":0,"7":0},"fnMap":{"1":{"name":"deposit","line":35,"loc":{"start":{"line":35,"column":4},"end":{"line":37,"column":4}}},"2":{"name":"withdraw","line":39,"loc":{"start":{"line":39,"column":4},"end":{"line":47,"column":4}}},"3":{"name":"getBalance","line":50,"loc":{"start":{"line":50,"column":4},"end":{"line":52,"column":4}}},"4":{"name":"constructor","line":58,"loc":{"start":{"line":58,"column":4},"end":{"line":60,"column":4}}},"5":{"name":null,"line":63,"loc":{"start":{"line":63,"column":4},"end":{"line":67,"column":4}}},"6":{"name":"attack","line":69,"loc":{"start":{"line":69,"column":4},"end":{"line":73,"column":4}}},"7":{"name":"getBalance","line":76,"loc":{"start":{"line":76,"column":4},"end":{"line":78,"column":4}}}},"statementMap":{"1":{"start":{"line":36,"column":8},"end":{"line":36,"column":40}},"2":{"start":{"line":40,"column":8},"end":{"line":40,"column":42}},"3":{"start":{"line":41,"column":8},"end":{"line":41,"column":23}},"4":{"start":{"line":43,"column":8},"end":{"line":43,"column":55}},"5":{"start":{"line":44,"column":8},"end":{"line":44,"column":44}},"6":{"start":{"line":46,"column":8},"end":{"line":46,"column":31}},"7":{"start":{"line":51,"column":8},"end":{"line":51,"column":36}},"8":{"start":{"line":59,"column":8},"end":{"line":59,"column":50}},"9":{"start":{"line":64,"column":8},"end":{"line":64,"column":1833}},"10":{"start":{"line":65,"column":12},"end":{"line":65,"column":32}},"11":{"start":{"line":70,"column":8},"end":{"line":70,"column":36}},"12":{"start":{"line":71,"column":8},"end":{"line":71,"column":43}},"13":{"start":{"line":72,"column":8},"end":{"line":72,"column":28}},"14":{"start":{"line":77,"column":8},"end":{"line":77,"column":36}}},"branchMap":{"1":{"line":41,"type":"if","locations":[{"start":{"line":41,"column":8},"end":{"line":41,"column":8}},{"start":{"line":41,"column":8},"end":{"line":41,"column":8}}]},"2":{"line":44,"type":"if","locations":[{"start":{"line":44,"column":8},"end":{"line":44,"column":8}},{"start":{"line":44,"column":8},"end":{"line":44,"column":8}}]},"3":{"line":64,"type":"if","locations":[{"start":{"line":64,"column":8},"end":{"line":64,"column":8}},{"start":{"line":64,"column":8},"end":{"line":64,"column":8}}]},"4":{"line":70,"type":"if","locations":[{"start":{"line":70,"column":8},"end":{"line":70,"column":8}},{"start":{"line":70,"column":8},"end":{"line":70,"column":8}}]}}}}